{"C:\\Users\\joshu\\Documents\\food-facilities-challenge\\backend\\src\\app.ts": {"path":"C:\\Users\\joshu\\Documents\\food-facilities-challenge\\backend\\src\\app.ts","statementMap":{"0":{"start":{"line":6,"column":0},"end":{"line":6,"column":16}},"1":{"start":{"line":1,"column":0},"end":{"line":1,"column":30}},"2":{"start":{"line":2,"column":0},"end":{"line":2,"column":24}},"3":{"start":{"line":3,"column":0},"end":{"line":3,"column":51}},"4":{"start":{"line":4,"column":0},"end":{"line":4,"column":36}},"5":{"start":{"line":7,"column":14},"end":{"line":7,"column":23}},"6":{"start":{"line":8,"column":2},"end":{"line":8,"column":18}},"7":{"start":{"line":9,"column":2},"end":{"line":9,"column":26}},"8":{"start":{"line":11,"column":2},"end":{"line":11,"column":47}},"9":{"start":{"line":12,"column":2},"end":{"line":12,"column":39}},"10":{"start":{"line":13,"column":2},"end":{"line":13,"column":13}},"11":{"start":{"line":16,"column":0},"end":{"line":16,"column":25}}},"fnMap":{"0":{"name":"createApp","decl":{"start":{"line":6,"column":16},"end":{"line":6,"column":25}},"loc":{"start":{"line":6,"column":33},"end":{"line":14,"column":1}}}},"branchMap":{},"s":{"0":1,"1":1,"2":1,"3":1,"4":1,"5":1,"6":1,"7":1,"8":1,"9":1,"10":1,"11":1},"f":{"0":1},"b":{}}
,"C:\\Users\\joshu\\Documents\\food-facilities-challenge\\backend\\src\\docs.ts": {"path":"C:\\Users\\joshu\\Documents\\food-facilities-challenge\\backend\\src\\docs.ts","statementMap":{"0":{"start":{"line":10,"column":0},"end":{"line":10,"column":16}},"1":{"start":{"line":1,"column":0},"end":{"line":1,"column":43}},"2":{"start":{"line":2,"column":0},"end":{"line":2,"column":41}},"3":{"start":{"line":4,"column":0},"end":{"line":4,"column":33}},"4":{"start":{"line":5,"column":0},"end":{"line":5,"column":24}},"5":{"start":{"line":8,"column":15},"end":{"line":8,"column":23}},"6":{"start":{"line":11,"column":18},"end":{"line":100,"column":13}},"7":{"start":{"line":102,"column":15},"end":{"line":102,"column":36}},"8":{"start":{"line":104,"column":2},"end":{"line":104,"column":62}},"9":{"start":{"line":105,"column":2},"end":{"line":105,"column":61}},"10":{"start":{"line":105,"column":45},"end":{"line":105,"column":59}},"11":{"start":{"line":107,"column":2},"end":{"line":107,"column":16}}},"fnMap":{"0":{"name":"docsRouter","decl":{"start":{"line":10,"column":16},"end":{"line":10,"column":26}},"loc":{"start":{"line":10,"column":26},"end":{"line":108,"column":1}}},"1":{"name":"(anonymous_2)","decl":{"start":{"line":105,"column":30},"end":{"line":105,"column":31}},"loc":{"start":{"line":105,"column":45},"end":{"line":105,"column":59}}}},"branchMap":{},"s":{"0":2,"1":2,"2":2,"3":2,"4":2,"5":2,"6":2,"7":2,"8":2,"9":2,"10":1,"11":2},"f":{"0":2,"1":1},"b":{}}
,"C:\\Users\\joshu\\Documents\\food-facilities-challenge\\backend\\src\\index.ts": {"path":"C:\\Users\\joshu\\Documents\\food-facilities-challenge\\backend\\src\\index.ts","statementMap":{"0":{"start":{"line":1,"column":0},"end":{"line":1,"column":34}},"1":{"start":{"line":2,"column":0},"end":{"line":2,"column":44}},"2":{"start":{"line":4,"column":13},"end":{"line":4,"column":37}},"3":{"start":{"line":7,"column":0},"end":{"line":10,"column":1}},"4":{"start":{"line":8,"column":13},"end":{"line":8,"column":27}},"5":{"start":{"line":9,"column":2},"end":{"line":9,"column":83}},"6":{"start":{"line":9,"column":35},"end":{"line":9,"column":81}}},"fnMap":{"0":{"name":"(anonymous_0)","decl":{"start":{"line":9,"column":29},"end":{"line":9,"column":32}},"loc":{"start":{"line":9,"column":35},"end":{"line":9,"column":81}}}},"branchMap":{"0":{"loc":{"start":{"line":4,"column":13},"end":{"line":4,"column":37}},"type":"binary-expr","locations":[{"start":{"line":4,"column":13},"end":{"line":4,"column":29}},{"start":{"line":4,"column":33},"end":{"line":4,"column":37}}]},"1":{"loc":{"start":{"line":7,"column":0},"end":{"line":10,"column":1}},"type":"if","locations":[{"start":{"line":7,"column":0},"end":{"line":10,"column":1}}]}},"s":{"0":1,"1":1,"2":1,"3":1,"4":1,"5":1,"6":0},"f":{"0":0},"b":{"0":[1,1],"1":[1]}}
,"C:\\Users\\joshu\\Documents\\food-facilities-challenge\\backend\\src\\helpers\\utils.ts": {"path":"C:\\Users\\joshu\\Documents\\food-facilities-challenge\\backend\\src\\helpers\\utils.ts","statementMap":{"0":{"start":{"line":3,"column":0},"end":{"line":3,"column":16}},"1":{"start":{"line":7,"column":0},"end":{"line":7,"column":16}},"2":{"start":{"line":25,"column":0},"end":{"line":25,"column":16}},"3":{"start":{"line":29,"column":0},"end":{"line":29,"column":16}},"4":{"start":{"line":4,"column":2},"end":{"line":4,"column":51}},"5":{"start":{"line":8,"column":12},"end":{"line":8,"column":18}},"6":{"start":{"line":10,"column":15},"end":{"line":10,"column":37}},"7":{"start":{"line":11,"column":15},"end":{"line":11,"column":37}},"8":{"start":{"line":13,"column":16},"end":{"line":13,"column":31}},"9":{"start":{"line":14,"column":16},"end":{"line":14,"column":31}},"10":{"start":{"line":17,"column":4},"end":{"line":19,"column":27}},"11":{"start":{"line":21,"column":12},"end":{"line":21,"column":39}},"12":{"start":{"line":22,"column":2},"end":{"line":22,"column":15}},"13":{"start":{"line":26,"column":2},"end":{"line":26,"column":35}},"14":{"start":{"line":30,"column":2},"end":{"line":30,"column":75}},"15":{"start":{"line":30,"column":8},"end":{"line":30,"column":28}},"16":{"start":{"line":30,"column":43},"end":{"line":30,"column":73}}},"fnMap":{"0":{"name":"hasCoords","decl":{"start":{"line":3,"column":16},"end":{"line":3,"column":25}},"loc":{"start":{"line":3,"column":41},"end":{"line":5,"column":1}}},"1":{"name":"haversineDistance","decl":{"start":{"line":7,"column":16},"end":{"line":7,"column":33}},"loc":{"start":{"line":7,"column":88},"end":{"line":23,"column":1}}},"2":{"name":"toRadians","decl":{"start":{"line":25,"column":16},"end":{"line":25,"column":25}},"loc":{"start":{"line":25,"column":41},"end":{"line":27,"column":1}}},"3":{"name":"attempt","decl":{"start":{"line":29,"column":16},"end":{"line":29,"column":23}},"loc":{"start":{"line":29,"column":51},"end":{"line":31,"column":1}}}},"branchMap":{"0":{"loc":{"start":{"line":4,"column":9},"end":{"line":4,"column":50}},"type":"binary-expr","locations":[{"start":{"line":4,"column":9},"end":{"line":4,"column":27}},{"start":{"line":4,"column":31},"end":{"line":4,"column":50}}]}},"s":{"0":3,"1":3,"2":3,"3":3,"4":12,"5":7,"6":7,"7":7,"8":7,"9":7,"10":7,"11":7,"12":7,"13":31,"14":9,"15":9,"16":1},"f":{"0":12,"1":7,"2":31,"3":9},"b":{"0":[12,8]}}
,"C:\\Users\\joshu\\Documents\\food-facilities-challenge\\backend\\src\\routes\\search.ts": {"path":"C:\\Users\\joshu\\Documents\\food-facilities-challenge\\backend\\src\\routes\\search.ts","statementMap":{"0":{"start":{"line":18,"column":0},"end":{"line":18,"column":16}},"1":{"start":{"line":1,"column":0},"end":{"line":1,"column":33}},"2":{"start":{"line":3,"column":0},"end":{"line":3,"column":73}},"3":{"start":{"line":19,"column":17},"end":{"line":19,"column":25}},"4":{"start":{"line":68,"column":2},"end":{"line":110,"column":null}},"5":{"start":{"line":69,"column":18},"end":{"line":69,"column":27}},"6":{"start":{"line":70,"column":40},"end":{"line":75,"column":null}},"7":{"start":{"line":77,"column":16},"end":{"line":83,"column":6}},"8":{"start":{"line":86,"column":24},"end":{"line":87,"column":39}},"9":{"start":{"line":87,"column":12},"end":{"line":87,"column":34}},"10":{"start":{"line":89,"column":4},"end":{"line":92,"column":5}},"11":{"start":{"line":90,"column":6},"end":{"line":90,"column":25}},"12":{"start":{"line":91,"column":6},"end":{"line":91,"column":70}},"13":{"start":{"line":95,"column":4},"end":{"line":107,"column":5}},"14":{"start":{"line":96,"column":19},"end":{"line":96,"column":55}},"15":{"start":{"line":97,"column":19},"end":{"line":97,"column":56}},"16":{"start":{"line":99,"column":27},"end":{"line":105,"column":38}},"17":{"start":{"line":100,"column":19},"end":{"line":103,"column":10}},"18":{"start":{"line":104,"column":24},"end":{"line":104,"column":53}},"19":{"start":{"line":106,"column":6},"end":{"line":106,"column":36}},"20":{"start":{"line":109,"column":4},"end":{"line":109,"column":56}},"21":{"start":{"line":112,"column":2},"end":{"line":112,"column":16}}},"fnMap":{"0":{"name":"makeSearchRouter","decl":{"start":{"line":18,"column":16},"end":{"line":18,"column":32}},"loc":{"start":{"line":18,"column":40},"end":{"line":113,"column":1}}},"1":{"name":"(anonymous_1)","decl":{"start":{"line":68,"column":18},"end":{"line":68,"column":23}},"loc":{"start":{"line":68,"column":37},"end":{"line":110,"column":3}}},"2":{"name":"(anonymous_2)","decl":{"start":{"line":87,"column":6},"end":{"line":87,"column":9}},"loc":{"start":{"line":87,"column":12},"end":{"line":87,"column":34}}},"3":{"name":"(anonymous_3)","decl":{"start":{"line":100,"column":13},"end":{"line":100,"column":14}},"loc":{"start":{"line":100,"column":19},"end":{"line":103,"column":10}}},"4":{"name":"(anonymous_4)","decl":{"start":{"line":104,"column":14},"end":{"line":104,"column":15}},"loc":{"start":{"line":104,"column":24},"end":{"line":104,"column":53}}}},"branchMap":{"0":{"loc":{"start":{"line":71,"column":22},"end":{"line":71,"column":58}},"type":"binary-expr","locations":[{"start":{"line":71,"column":22},"end":{"line":71,"column":52}},{"start":{"line":71,"column":56},"end":{"line":71,"column":58}}]},"1":{"loc":{"start":{"line":72,"column":19},"end":{"line":72,"column":52}},"type":"binary-expr","locations":[{"start":{"line":72,"column":19},"end":{"line":72,"column":46}},{"start":{"line":72,"column":50},"end":{"line":72,"column":52}}]},"2":{"loc":{"start":{"line":73,"column":15},"end":{"line":73,"column":52}},"type":"binary-expr","locations":[{"start":{"line":73,"column":15},"end":{"line":73,"column":38}},{"start":{"line":73,"column":42},"end":{"line":73,"column":52}}]},"3":{"loc":{"start":{"line":74,"column":13},"end":{"line":74,"column":50}},"type":"cond-expr","locations":[{"start":{"line":74,"column":27},"end":{"line":74,"column":46}},{"start":{"line":74,"column":49},"end":{"line":74,"column":50}}]},"4":{"loc":{"start":{"line":89,"column":4},"end":{"line":92,"column":5}},"type":"if","locations":[{"start":{"line":89,"column":4},"end":{"line":92,"column":5}}]},"5":{"loc":{"start":{"line":89,"column":8},"end":{"line":89,"column":35}},"type":"binary-expr","locations":[{"start":{"line":89,"column":8},"end":{"line":89,"column":20}},{"start":{"line":89,"column":24},"end":{"line":89,"column":35}}]},"6":{"loc":{"start":{"line":95,"column":4},"end":{"line":107,"column":5}},"type":"if","locations":[{"start":{"line":95,"column":4},"end":{"line":107,"column":5}}]},"7":{"loc":{"start":{"line":95,"column":8},"end":{"line":95,"column":41}},"type":"binary-expr","locations":[{"start":{"line":95,"column":8},"end":{"line":95,"column":22}},{"start":{"line":95,"column":26},"end":{"line":95,"column":41}}]}},"s":{"0":2,"1":2,"2":2,"3":2,"4":2,"5":7,"6":7,"7":7,"8":7,"9":7,"10":7,"11":0,"12":0,"13":7,"14":1,"15":1,"16":1,"17":2,"18":1,"19":1,"20":6,"21":2},"f":{"0":2,"1":7,"2":7,"3":2,"4":1},"b":{"0":[7,6],"1":[7,6],"2":[7,2],"3":[7,0],"4":[0],"5":[7,7],"6":[1],"7":[7,2]}}
}
