TN:
SF:src\app.ts
FN:6,createApp
FNF:1
FNH:1
FNDA:1,createApp
DA:1,1
DA:2,1
DA:3,1
DA:4,1
DA:6,1
DA:7,1
DA:8,1
DA:9,1
DA:11,1
DA:12,1
DA:13,1
DA:16,1
LF:12
LH:12
BRF:0
BRH:0
end_of_record
TN:
SF:src\docs.ts
FN:10,docsRouter
FN:105,(anonymous_2)
FNF:2
FNH:2
FNDA:2,docsRouter
FNDA:1,(anonymous_2)
DA:1,2
DA:2,2
DA:4,2
DA:5,2
DA:8,2
DA:10,2
DA:11,2
DA:102,2
DA:104,2
DA:105,2
DA:107,2
LF:11
LH:11
BRF:0
BRH:0
end_of_record
TN:
SF:src\index.ts
FN:9,(anonymous_0)
FNF:1
FNH:0
FNDA:0,(anonymous_0)
DA:1,1
DA:2,1
DA:4,1
DA:7,1
DA:8,1
DA:9,1
LF:6
LH:6
BRDA:4,0,0,1
BRDA:4,0,1,1
BRDA:7,1,0,1
BRF:3
BRH:3
end_of_record
TN:
SF:src\helpers\utils.ts
FN:3,hasCoords
FN:7,haversineDistance
FN:25,toRadians
FN:29,attempt
FNF:4
FNH:4
FNDA:12,hasCoords
FNDA:7,haversineDistance
FNDA:31,toRadians
FNDA:9,attempt
DA:3,3
DA:4,12
DA:7,3
DA:8,7
DA:10,7
DA:11,7
DA:13,7
DA:14,7
DA:17,7
DA:21,7
DA:22,7
DA:25,3
DA:26,31
DA:29,3
DA:30,9
LF:15
LH:15
BRDA:4,0,0,12
BRDA:4,0,1,8
BRF:2
BRH:2
end_of_record
TN:
SF:src\routes\search.ts
FN:18,makeSearchRouter
FN:68,(anonymous_1)
FN:87,(anonymous_2)
FN:100,(anonymous_3)
FN:104,(anonymous_4)
FNF:5
FNH:5
FNDA:2,makeSearchRouter
FNDA:7,(anonymous_1)
FNDA:7,(anonymous_2)
FNDA:2,(anonymous_3)
FNDA:1,(anonymous_4)
DA:1,2
DA:3,2
DA:18,2
DA:19,2
DA:68,2
DA:69,7
DA:70,7
DA:77,7
DA:86,7
DA:87,7
DA:89,7
DA:90,0
DA:91,0
DA:95,7
DA:96,1
DA:97,1
DA:99,1
DA:100,2
DA:104,1
DA:106,1
DA:109,6
DA:112,2
LF:22
LH:20
BRDA:71,0,0,7
BRDA:71,0,1,6
BRDA:72,1,0,7
BRDA:72,1,1,6
BRDA:73,2,0,7
BRDA:73,2,1,2
BRDA:74,3,0,7
BRDA:74,3,1,0
BRDA:89,4,0,0
BRDA:89,5,0,7
BRDA:89,5,1,7
BRDA:95,6,0,1
BRDA:95,7,0,7
BRDA:95,7,1,2
BRF:14
BRH:12
end_of_record
